<?xml version="1.0" encoding="UTF-8"?>
<coverage generated="1763267609">
  <project timestamp="1763267609" name="Clover Coverage">
    <package name="Galaxon\Core">
      <file name="C:\Users\shaun\Projects\PHP\Galaxon\Core\src\Angle.php">
        <class name="Galaxon\Core\Angle" namespace="Galaxon\Core">
          <metrics complexity="89" methods="34" coveredmethods="34" conditionals="0" coveredconditionals="0" statements="156" coveredstatements="156" elements="190" coveredelements="190"/>
        </class>
        <line num="70" type="method" name="__construct" visibility="private" complexity="2" crap="2" count="28"/>
        <line num="73" type="stmt" count="28"/>
        <line num="74" type="stmt" count="2"/>
        <line num="77" type="stmt" count="26"/>
        <line num="87" type="method" name="fromRadians" visibility="public" complexity="1" crap="1" count="9"/>
        <line num="89" type="stmt" count="9"/>
        <line num="108" type="method" name="fromDegrees" visibility="public" complexity="1" crap="1" count="23"/>
        <line num="111" type="stmt" count="23"/>
        <line num="112" type="stmt" count="23"/>
        <line num="122" type="method" name="fromGradians" visibility="public" complexity="1" crap="1" count="2"/>
        <line num="124" type="stmt" count="2"/>
        <line num="134" type="method" name="fromTurns" visibility="public" complexity="1" crap="1" count="4"/>
        <line num="136" type="stmt" count="4"/>
        <line num="156" type="method" name="parse" visibility="public" complexity="17" crap="17" count="5"/>
        <line num="159" type="stmt" count="5"/>
        <line num="162" type="stmt" count="5"/>
        <line num="163" type="stmt" count="5"/>
        <line num="164" type="stmt" count="1"/>
        <line num="168" type="stmt" count="4"/>
        <line num="169" type="stmt" count="4"/>
        <line num="170" type="stmt" count="4"/>
        <line num="171" type="stmt" count="4"/>
        <line num="172" type="stmt" count="4"/>
        <line num="173" type="stmt" count="4"/>
        <line num="175" type="stmt" count="3"/>
        <line num="176" type="stmt" count="1"/>
        <line num="180" type="stmt" count="3"/>
        <line num="183" type="stmt" count="3"/>
        <line num="184" type="stmt" count="3"/>
        <line num="185" type="stmt" count="3"/>
        <line num="188" type="stmt" count="3"/>
        <line num="192" type="stmt" count="4"/>
        <line num="193" type="stmt" count="4"/>
        <line num="194" type="stmt" count="4"/>
        <line num="195" type="stmt" count="3"/>
        <line num="196" type="stmt" count="4"/>
        <line num="197" type="stmt" count="1"/>
        <line num="198" type="stmt" count="3"/>
        <line num="199" type="stmt" count="4"/>
        <line num="200" type="stmt" count="4"/>
        <line num="204" type="stmt" count="1"/>
        <line num="217" type="method" name="tryParse" visibility="public" complexity="2" crap="2" count="1"/>
        <line num="220" type="stmt" count="1"/>
        <line num="221" type="stmt" count="1"/>
        <line num="222" type="stmt" count="1"/>
        <line num="223" type="stmt" count="1"/>
        <line num="224" type="stmt" count="1"/>
        <line num="237" type="method" name="toRadians" visibility="public" complexity="1" crap="1" count="8"/>
        <line num="239" type="stmt" count="8"/>
        <line num="260" type="method" name="toDMS" visibility="public" complexity="5" crap="5" count="12"/>
        <line num="262" type="stmt" count="12"/>
        <line num="263" type="stmt" count="12"/>
        <line num="264" type="stmt" count="12"/>
        <line num="268" type="stmt" count="8"/>
        <line num="271" type="stmt" count="8"/>
        <line num="273" type="stmt" count="8"/>
        <line num="277" type="stmt" count="4"/>
        <line num="278" type="stmt" count="4"/>
        <line num="281" type="stmt" count="4"/>
        <line num="282" type="stmt" count="4"/>
        <line num="284" type="stmt" count="4"/>
        <line num="288" type="stmt" count="8"/>
        <line num="289" type="stmt" count="8"/>
        <line num="290" type="stmt" count="8"/>
        <line num="291" type="stmt" count="8"/>
        <line num="294" type="stmt" count="8"/>
        <line num="295" type="stmt" count="8"/>
        <line num="296" type="stmt" count="8"/>
        <line num="298" type="stmt" count="8"/>
        <line num="301" type="stmt" count="1"/>
        <line num="302" type="stmt" count="1"/>
        <line num="303" type="stmt" count="1"/>
        <line num="312" type="method" name="toDegrees" visibility="public" complexity="1" crap="1" count="6"/>
        <line num="314" type="stmt" count="6"/>
        <line num="322" type="method" name="toGradians" visibility="public" complexity="1" crap="1" count="4"/>
        <line num="324" type="stmt" count="4"/>
        <line num="332" type="method" name="toTurns" visibility="public" complexity="1" crap="1" count="4"/>
        <line num="334" type="stmt" count="4"/>
        <line num="347" type="method" name="add" visibility="public" complexity="1" crap="1" count="1"/>
        <line num="349" type="stmt" count="1"/>
        <line num="358" type="method" name="sub" visibility="public" complexity="1" crap="1" count="1"/>
        <line num="360" type="stmt" count="1"/>
        <line num="370" type="method" name="mul" visibility="public" complexity="2" crap="2" count="2"/>
        <line num="373" type="stmt" count="2"/>
        <line num="374" type="stmt" count="1"/>
        <line num="377" type="stmt" count="1"/>
        <line num="388" type="method" name="div" visibility="public" complexity="3" crap="3" count="3"/>
        <line num="391" type="stmt" count="3"/>
        <line num="392" type="stmt" count="1"/>
        <line num="394" type="stmt" count="2"/>
        <line num="395" type="stmt" count="1"/>
        <line num="398" type="stmt" count="1"/>
        <line num="406" type="method" name="abs" visibility="public" complexity="1" crap="1" count="5"/>
        <line num="408" type="stmt" count="5"/>
        <line num="438" type="method" name="compare" visibility="public" complexity="5" crap="5" count="5"/>
        <line num="441" type="stmt" count="5"/>
        <line num="442" type="stmt" count="1"/>
        <line num="446" type="stmt" count="5"/>
        <line num="449" type="stmt" count="5"/>
        <line num="450" type="stmt" count="4"/>
        <line num="454" type="stmt" count="2"/>
        <line num="483" type="method" name="equals" visibility="public" complexity="1" crap="1" count="4"/>
        <line num="485" type="stmt" count="4"/>
        <line num="497" type="method" name="sin" visibility="public" complexity="1" crap="1" count="1"/>
        <line num="499" type="stmt" count="1"/>
        <line num="507" type="method" name="cos" visibility="public" complexity="1" crap="1" count="1"/>
        <line num="509" type="stmt" count="1"/>
        <line num="517" type="method" name="tan" visibility="public" complexity="2" crap="2" count="1"/>
        <line num="519" type="stmt" count="1"/>
        <line num="520" type="stmt" count="1"/>
        <line num="524" type="stmt" count="1"/>
        <line num="525" type="stmt" count="1"/>
        <line num="529" type="stmt" count="1"/>
        <line num="537" type="method" name="sinh" visibility="public" complexity="1" crap="1" count="1"/>
        <line num="539" type="stmt" count="1"/>
        <line num="547" type="method" name="cosh" visibility="public" complexity="1" crap="1" count="1"/>
        <line num="549" type="stmt" count="1"/>
        <line num="557" type="method" name="tanh" visibility="public" complexity="1" crap="1" count="1"/>
        <line num="559" type="stmt" count="1"/>
        <line num="582" type="method" name="wrapAngle" visibility="private" complexity="5" crap="5" count="5"/>
        <line num="585" type="stmt" count="5"/>
        <line num="586" type="stmt" count="1"/>
        <line num="590" type="stmt" count="4"/>
        <line num="593" type="stmt" count="4"/>
        <line num="594" type="stmt" count="4"/>
        <line num="595" type="stmt" count="4"/>
        <line num="596" type="stmt" count="4"/>
        <line num="598" type="stmt" count="4"/>
        <line num="599" type="stmt" count="4"/>
        <line num="604" type="stmt" count="4"/>
        <line num="605" type="stmt" count="3"/>
        <line num="606" type="stmt" count="4"/>
        <line num="607" type="stmt" count="2"/>
        <line num="611" type="stmt" count="4"/>
        <line num="621" type="method" name="wrapRadians" visibility="public" complexity="1" crap="1" count="2"/>
        <line num="623" type="stmt" count="2"/>
        <line num="633" type="method" name="wrapDegrees" visibility="public" complexity="1" crap="1" count="2"/>
        <line num="635" type="stmt" count="2"/>
        <line num="645" type="method" name="wrapGradians" visibility="public" complexity="1" crap="1" count="1"/>
        <line num="647" type="stmt" count="1"/>
        <line num="669" type="method" name="wrap" visibility="public" complexity="1" crap="1" count="2"/>
        <line num="672" type="stmt" count="2"/>
        <line num="675" type="stmt" count="2"/>
        <line num="695" type="method" name="formatFloat" visibility="private" complexity="2" crap="2" count="7"/>
        <line num="698" type="stmt" count="7"/>
        <line num="703" type="stmt" count="7"/>
        <line num="704" type="stmt" count="5"/>
        <line num="705" type="stmt" count="7"/>
        <line num="721" type="method" name="formatDMS" visibility="private" complexity="11" crap="11" count="5"/>
        <line num="724" type="stmt" count="5"/>
        <line num="727" type="stmt" count="5"/>
        <line num="731" type="stmt" count="2"/>
        <line num="732" type="stmt" count="2"/>
        <line num="733" type="stmt" count="2"/>
        <line num="736" type="stmt" count="2"/>
        <line num="739" type="stmt" count="2"/>
        <line num="740" type="stmt" count="2"/>
        <line num="743" type="stmt" count="2"/>
        <line num="744" type="stmt" count="1"/>
        <line num="745" type="stmt" count="1"/>
        <line num="749" type="stmt" count="2"/>
        <line num="750" type="stmt" count="2"/>
        <line num="753" type="stmt" count="5"/>
        <line num="756" type="stmt" count="5"/>
        <line num="757" type="stmt" count="5"/>
        <line num="760" type="stmt" count="5"/>
        <line num="761" type="stmt" count="2"/>
        <line num="762" type="stmt" count="2"/>
        <line num="764" type="stmt" count="5"/>
        <line num="765" type="stmt" count="2"/>
        <line num="766" type="stmt" count="2"/>
        <line num="770" type="stmt" count="5"/>
        <line num="771" type="stmt" count="5"/>
        <line num="796" type="method" name="format" visibility="public" complexity="11" crap="11" count="8"/>
        <line num="799" type="stmt" count="8"/>
        <line num="800" type="stmt" count="1"/>
        <line num="803" type="stmt" count="8"/>
        <line num="804" type="stmt" count="4"/>
        <line num="805" type="stmt" count="2"/>
        <line num="806" type="stmt" count="2"/>
        <line num="807" type="stmt" count="2"/>
        <line num="808" type="stmt" count="2"/>
        <line num="809" type="stmt" count="2"/>
        <line num="810" type="stmt" count="5"/>
        <line num="811" type="stmt" count="8"/>
        <line num="812" type="stmt" count="8"/>
        <line num="813" type="stmt" count="8"/>
        <line num="814" type="stmt" count="8"/>
        <line num="822" type="method" name="__toString" visibility="public" complexity="1" crap="1" count="3"/>
        <line num="825" type="stmt" count="3"/>
        <metrics loc="830" ncloc="437" classes="1" methods="34" coveredmethods="34" conditionals="0" coveredconditionals="0" statements="156" coveredstatements="156" elements="190" coveredelements="190"/>
      </file>
      <file name="C:\Users\shaun\Projects\PHP\Galaxon\Core\src\Arrays.php">
        <class name="Galaxon\Core\Arrays" namespace="Galaxon\Core">
          <metrics complexity="4" methods="1" coveredmethods="1" conditionals="0" coveredconditionals="0" statements="5" coveredstatements="5" elements="6" coveredelements="6"/>
        </class>
        <line num="29" type="method" name="containsRecursion" visibility="public" complexity="3" crap="3" count="8"/>
        <line num="32" type="stmt" count="8"/>
        <line num="33" type="stmt" count="4"/>
        <line num="34" type="stmt" count="4"/>
        <line num="35" type="stmt" count="4"/>
        <line num="39" type="stmt" count="4"/>
        <metrics loc="42" ncloc="28" classes="1" methods="1" coveredmethods="1" conditionals="0" coveredconditionals="0" statements="5" coveredstatements="5" elements="6" coveredelements="6"/>
      </file>
      <file name="C:\Users\shaun\Projects\PHP\Galaxon\Core\src\Floats.php">
        <class name="Galaxon\Core\Floats" namespace="Galaxon\Core">
          <metrics complexity="16" methods="7" coveredmethods="7" conditionals="0" coveredconditionals="0" statements="7" coveredstatements="7" elements="14" coveredelements="14"/>
        </class>
        <line num="32" type="method" name="isNegativeZero" visibility="public" complexity="2" crap="2" count="4"/>
        <line num="35" type="stmt" count="4"/>
        <line num="49" type="method" name="isPositiveZero" visibility="public" complexity="2" crap="2" count="2"/>
        <line num="52" type="stmt" count="2"/>
        <line num="61" type="method" name="normalizeZero" visibility="public" complexity="2" crap="2" count="1"/>
        <line num="63" type="stmt" count="1"/>
        <line num="76" type="method" name="isNegative" visibility="public" complexity="3" crap="3" count="1"/>
        <line num="78" type="stmt" count="1"/>
        <line num="91" type="method" name="isPositive" visibility="public" complexity="3" crap="3" count="1"/>
        <line num="93" type="stmt" count="1"/>
        <line num="103" type="method" name="isSpecial" visibility="public" complexity="2" crap="2" count="1"/>
        <line num="105" type="stmt" count="1"/>
        <line num="118" type="method" name="toHex" visibility="public" complexity="1" crap="1" count="1"/>
        <line num="120" type="stmt" count="1"/>
        <metrics loc="123" ncloc="48" classes="1" methods="7" coveredmethods="7" conditionals="0" coveredconditionals="0" statements="7" coveredstatements="7" elements="14" coveredelements="14"/>
      </file>
      <file name="C:\Users\shaun\Projects\PHP\Galaxon\Core\src\Integers.php">
        <class name="Galaxon\Core\Integers" namespace="Galaxon\Core">
          <metrics complexity="14" methods="5" coveredmethods="5" conditionals="0" coveredconditionals="0" statements="30" coveredstatements="30" elements="35" coveredelements="35"/>
        </class>
        <line num="33" type="method" name="add" visibility="public" complexity="2" crap="2" count="3"/>
        <line num="36" type="stmt" count="3"/>
        <line num="41" type="stmt" count="3"/>
        <line num="42" type="stmt" count="2"/>
        <line num="46" type="stmt" count="1"/>
        <line num="57" type="method" name="sub" visibility="public" complexity="2" crap="2" count="3"/>
        <line num="60" type="stmt" count="3"/>
        <line num="65" type="stmt" count="3"/>
        <line num="66" type="stmt" count="2"/>
        <line num="70" type="stmt" count="1"/>
        <line num="81" type="method" name="mul" visibility="public" complexity="2" crap="2" count="3"/>
        <line num="84" type="stmt" count="3"/>
        <line num="89" type="stmt" count="3"/>
        <line num="90" type="stmt" count="2"/>
        <line num="94" type="stmt" count="1"/>
        <line num="106" type="method" name="pow" visibility="public" complexity="3" crap="3" count="4"/>
        <line num="109" type="stmt" count="4"/>
        <line num="110" type="stmt" count="1"/>
        <line num="114" type="stmt" count="3"/>
        <line num="117" type="stmt" count="3"/>
        <line num="118" type="stmt" count="2"/>
        <line num="122" type="stmt" count="1"/>
        <line num="132" type="method" name="gcd" visibility="public" complexity="4" crap="4" count="5"/>
        <line num="135" type="stmt" count="5"/>
        <line num="136" type="stmt" count="1"/>
        <line num="140" type="stmt" count="4"/>
        <line num="143" type="stmt" count="4"/>
        <line num="144" type="stmt" count="3"/>
        <line num="145" type="stmt" count="3"/>
        <line num="147" type="stmt" count="3"/>
        <line num="148" type="stmt" count="3"/>
        <line num="149" type="stmt" count="3"/>
        <line num="150" type="stmt" count="3"/>
        <line num="153" type="stmt" count="3"/>
        <line num="156" type="stmt" count="4"/>
        <metrics loc="159" ncloc="89" classes="1" methods="5" coveredmethods="5" conditionals="0" coveredconditionals="0" statements="30" coveredstatements="30" elements="35" coveredelements="35"/>
      </file>
      <file name="C:\Users\shaun\Projects\PHP\Galaxon\Core\src\Numbers.php">
        <class name="Galaxon\Core\Numbers" namespace="Galaxon\Core">
          <metrics complexity="10" methods="2" coveredmethods="2" conditionals="0" coveredconditionals="0" statements="10" coveredstatements="10" elements="12" coveredelements="12"/>
        </class>
        <line num="35" type="method" name="sign" visibility="public" complexity="6" crap="6" count="7"/>
        <line num="38" type="stmt" count="7"/>
        <line num="39" type="stmt" count="7"/>
        <line num="43" type="stmt" count="7"/>
        <line num="44" type="stmt" count="7"/>
        <line num="48" type="stmt" count="5"/>
        <line num="49" type="stmt" count="1"/>
        <line num="53" type="stmt" count="4"/>
        <line num="64" type="method" name="copySign" visibility="public" complexity="3" crap="3" count="8"/>
        <line num="67" type="stmt" count="8"/>
        <line num="68" type="stmt" count="3"/>
        <line num="71" type="stmt" count="5"/>
        <metrics loc="74" ncloc="41" classes="1" methods="2" coveredmethods="2" conditionals="0" coveredconditionals="0" statements="10" coveredstatements="10" elements="12" coveredelements="12"/>
      </file>
      <file name="C:\Users\shaun\Projects\PHP\Galaxon\Core\src\Stringify.php">
        <class name="Galaxon\Core\Stringify" namespace="Galaxon\Core">
          <metrics complexity="37" methods="6" coveredmethods="6" conditionals="0" coveredconditionals="0" statements="69" coveredstatements="69" elements="75" coveredelements="75"/>
        </class>
        <line num="47" type="method" name="stringify" visibility="public" complexity="10" crap="10" count="19"/>
        <line num="50" type="stmt" count="19"/>
        <line num="51" type="stmt" count="19"/>
        <line num="52" type="stmt" count="18"/>
        <line num="53" type="stmt" count="17"/>
        <line num="54" type="stmt" count="16"/>
        <line num="56" type="stmt" count="15"/>
        <line num="58" type="stmt" count="13"/>
        <line num="60" type="stmt" count="2"/>
        <line num="62" type="stmt" count="12"/>
        <line num="64" type="stmt" count="7"/>
        <line num="66" type="stmt" count="6"/>
        <line num="67" type="stmt" count="1"/>
        <line num="69" type="stmt" count="5"/>
        <line num="71" type="stmt" count="5"/>
        <line num="88" type="method" name="stringifyFloat" visibility="public" complexity="5" crap="5" count="4"/>
        <line num="91" type="stmt" count="4"/>
        <line num="92" type="stmt" count="2"/>
        <line num="94" type="stmt" count="4"/>
        <line num="95" type="stmt" count="2"/>
        <line num="97" type="stmt" count="4"/>
        <line num="98" type="stmt" count="1"/>
        <line num="102" type="stmt" count="3"/>
        <line num="105" type="stmt" count="3"/>
        <line num="106" type="stmt" count="3"/>
        <line num="108" type="stmt" count="3"/>
        <line num="128" type="method" name="stringifyArray" visibility="public" complexity="8" crap="8" count="7"/>
        <line num="131" type="stmt" count="7"/>
        <line num="132" type="stmt" count="1"/>
        <line num="135" type="stmt" count="6"/>
        <line num="136" type="stmt" count="6"/>
        <line num="137" type="stmt" count="6"/>
        <line num="140" type="stmt" count="6"/>
        <line num="141" type="stmt" count="6"/>
        <line num="143" type="stmt" count="6"/>
        <line num="144" type="stmt" count="5"/>
        <line num="147" type="stmt" count="4"/>
        <line num="148" type="stmt" count="4"/>
        <line num="153" type="stmt" count="6"/>
        <line num="154" type="stmt" count="6"/>
        <line num="157" type="stmt" count="6"/>
        <line num="158" type="stmt" count="1"/>
        <line num="159" type="stmt" count="1"/>
        <line num="163" type="stmt" count="5"/>
        <line num="175" type="method" name="stringifyResource" visibility="public" complexity="2" crap="2" count="2"/>
        <line num="178" type="stmt" count="2"/>
        <line num="179" type="stmt" count="1"/>
        <line num="182" type="stmt" count="1"/>
        <line num="203" type="method" name="stringifyObject" visibility="public" complexity="8" crap="8" count="5"/>
        <line num="206" type="stmt" count="5"/>
        <line num="209" type="stmt" count="5"/>
        <line num="210" type="stmt" count="5"/>
        <line num="215" type="stmt" count="5"/>
        <line num="218" type="stmt" count="5"/>
        <line num="219" type="stmt" count="1"/>
        <line num="223" type="stmt" count="4"/>
        <line num="224" type="stmt" count="4"/>
        <line num="226" type="stmt" count="4"/>
        <line num="228" type="stmt" count="4"/>
        <line num="229" type="stmt" count="4"/>
        <line num="231" type="stmt" count="4"/>
        <line num="235" type="stmt" count="1"/>
        <line num="236" type="stmt" count="1"/>
        <line num="239" type="stmt" count="4"/>
        <line num="240" type="stmt" count="4"/>
        <line num="244" type="stmt" count="4"/>
        <line num="245" type="stmt" count="1"/>
        <line num="248" type="stmt" count="3"/>
        <line num="261" type="method" name="abbrev" visibility="public" complexity="3" crap="3" count="4"/>
        <line num="264" type="stmt" count="4"/>
        <line num="265" type="stmt" count="1"/>
        <line num="269" type="stmt" count="3"/>
        <line num="272" type="stmt" count="3"/>
        <line num="273" type="stmt" count="2"/>
        <line num="276" type="stmt" count="3"/>
        <metrics loc="279" ncloc="154" classes="1" methods="6" coveredmethods="6" conditionals="0" coveredconditionals="0" statements="69" coveredstatements="69" elements="75" coveredelements="75"/>
      </file>
      <file name="C:\Users\shaun\Projects\PHP\Galaxon\Core\src\Types.php">
        <class name="Galaxon\Core\Types" namespace="Galaxon\Core">
          <metrics complexity="29" methods="8" coveredmethods="8" conditionals="0" coveredconditionals="0" statements="47" coveredstatements="47" elements="55" coveredelements="55"/>
        </class>
        <line num="39" type="method" name="isNumber" visibility="public" complexity="2" crap="2" count="1"/>
        <line num="41" type="stmt" count="1"/>
        <line num="50" type="method" name="isUint" visibility="public" complexity="2" crap="2" count="1"/>
        <line num="52" type="stmt" count="1"/>
        <line num="76" type="method" name="getBasicType" visibility="public" complexity="2" crap="2" count="17"/>
        <line num="79" type="stmt" count="17"/>
        <line num="80" type="stmt" count="17"/>
        <line num="81" type="stmt" count="13"/>
        <line num="86" type="stmt" count="5"/>
        <line num="87" type="stmt" count="5"/>
        <line num="98" type="method" name="getUniqueString" visibility="public" complexity="11" crap="11" count="9"/>
        <line num="100" type="stmt" count="9"/>
        <line num="101" type="stmt" count="9"/>
        <line num="102" type="stmt" count="2"/>
        <line num="104" type="stmt" count="8"/>
        <line num="105" type="stmt" count="2"/>
        <line num="107" type="stmt" count="7"/>
        <line num="109" type="stmt" count="2"/>
        <line num="111" type="stmt" count="6"/>
        <line num="113" type="stmt" count="2"/>
        <line num="115" type="stmt" count="5"/>
        <line num="117" type="stmt" count="2"/>
        <line num="119" type="stmt" count="4"/>
        <line num="121" type="stmt" count="2"/>
        <line num="123" type="stmt" count="3"/>
        <line num="125" type="stmt" count="2"/>
        <line num="127" type="stmt" count="1"/>
        <line num="129" type="stmt" count="1"/>
        <line num="149" type="method" name="createError" visibility="public" complexity="2" crap="2" count="3"/>
        <line num="151" type="stmt" count="3"/>
        <line num="153" type="stmt" count="3"/>
        <line num="154" type="stmt" count="2"/>
        <line num="155" type="stmt" count="2"/>
        <line num="157" type="stmt" count="1"/>
        <line num="160" type="stmt" count="3"/>
        <line num="175" type="method" name="usesTrait" visibility="public" complexity="1" crap="1" count="6"/>
        <line num="177" type="stmt" count="6"/>
        <line num="178" type="stmt" count="5"/>
        <line num="189" type="method" name="getTraits" visibility="public" complexity="5" crap="5" count="13"/>
        <line num="191" type="stmt" count="13"/>
        <line num="192" type="stmt" count="5"/>
        <line num="193" type="stmt" count="8"/>
        <line num="194" type="stmt" count="6"/>
        <line num="196" type="stmt" count="2"/>
        <line num="199" type="stmt" count="11"/>
        <line num="208" type="method" name="getTraitsRecursive" visibility="private" complexity="3" crap="3" count="11"/>
        <line num="211" type="stmt" count="11"/>
        <line num="216" type="stmt" count="11"/>
        <line num="219" type="stmt" count="11"/>
        <line num="224" type="stmt" count="11"/>
        <line num="227" type="stmt" count="11"/>
        <line num="228" type="stmt" count="8"/>
        <line num="229" type="stmt" count="8"/>
        <line num="231" type="stmt" count="11"/>
        <line num="233" type="stmt" count="11"/>
        <metrics loc="238" ncloc="133" classes="1" methods="8" coveredmethods="8" conditionals="0" coveredconditionals="0" statements="47" coveredstatements="47" elements="55" coveredelements="55"/>
      </file>
    </package>
    <metrics files="7" loc="1745" ncloc="930" classes="7" methods="63" coveredmethods="63" conditionals="0" coveredconditionals="0" statements="324" coveredstatements="324" elements="387" coveredelements="387"/>
  </project>
</coverage>
